DEBUG: loaded src/server.js
✅ CO2 Microservice running on http://localhost:3002
📚 Available endpoints:
   POST http://localhost:3002/api/v1/calculate/discord
   POST http://localhost:3002/api/v1/calculate/video-call
   GET  http://localhost:3002/api/v1/health
[2025-12-22T04:08:36.490Z] GET /api/v1/health
[2025-12-22T04:08:44.827Z] GET /api/v1/health
[2025-12-22T04:08:56.142Z] GET /api/v1/health
[2025-12-22T04:08:56.146Z] GET /api/v1/health
[2025-12-22T04:09:26.477Z] GET /api/v1/health
[2025-12-22T04:09:56.477Z] GET /api/v1/health
[2025-12-22T04:10:26.481Z] GET /api/v1/health
[2025-12-22T04:10:40.643Z] POST /api/v1/simulate/100
[2025-12-22T04:10:56.476Z] GET /api/v1/health
[2025-12-22T04:11:19.654Z] POST /api/v1/calculate/discord
[2025-12-22T04:11:26.477Z] GET /api/v1/health
[2025-12-22T04:11:50.751Z] POST /api/v1/calculate/discord
[2025-12-22T04:11:50.754Z] POST /api/v1/calculate/discord
[2025-12-22T04:11:56.475Z] GET /api/v1/health
[2025-12-22T04:12:26.477Z] GET /api/v1/health
[2025-12-22T04:12:56.477Z] GET /api/v1/health
[2025-12-22T04:13:26.143Z] GET /api/v1/health
[2025-12-22T04:13:43.971Z] POST /api/v1/calculate/discord
[2025-12-22T04:13:47.814Z] POST /api/v1/calculate/discord
[2025-12-22T04:13:56.143Z] GET /api/v1/health
[2025-12-22T04:14:26.144Z] GET /api/v1/health
[2025-12-22T04:14:33.366Z] POST /api/v1/calculate/discord
[2025-12-22T04:14:33.368Z] POST /api/v1/calculate/discord
[2025-12-22T04:14:56.474Z] GET /api/v1/health
[2025-12-22T04:15:03.360Z] POST /api/v1/calculate/discord
[2025-12-22T04:15:03.363Z] POST /api/v1/calculate/discord
[2025-12-22T04:15:22.025Z] POST /api/v1/calculate/discord
[2025-12-22T04:15:22.031Z] POST /api/v1/calculate/discord
[2025-12-22T04:15:23.338Z] POST /api/v1/calculate/discord
[2025-12-22T04:15:23.558Z] POST /api/v1/calculate/discord
[2025-12-22T04:15:23.726Z] POST /api/v1/calculate/discord
[2025-12-22T04:15:23.874Z] POST /api/v1/calculate/discord
[2025-12-22T04:15:24.009Z] POST /api/v1/calculate/discord
[2025-12-22T04:15:24.123Z] POST /api/v1/calculate/discord
[2025-12-22T04:15:24.374Z] POST /api/v1/calculate/discord
[2025-12-22T04:15:24.658Z] POST /api/v1/calculate/discord
[2025-12-22T04:15:24.841Z] POST /api/v1/calculate/discord
[2025-12-22T04:15:26.141Z] GET /api/v1/health
[2025-12-22T04:15:31.110Z] POST /api/v1/calculate/discord
[2025-12-22T04:15:31.114Z] POST /api/v1/calculate/discord
[2025-12-22T04:15:31.778Z] POST /api/v1/calculate/discord
[2025-12-22T04:15:31.928Z] POST /api/v1/calculate/discord
[2025-12-22T04:15:32.083Z] POST /api/v1/calculate/discord
[2025-12-22T04:15:32.207Z] POST /api/v1/calculate/discord
[2025-12-22T04:15:32.342Z] POST /api/v1/calculate/discord
[2025-12-22T04:15:33.362Z] POST /api/v1/calculate/discord
[2025-12-22T04:15:33.365Z] POST /api/v1/calculate/discord
[2025-12-22T04:15:34.857Z] POST /api/v1/calculate/discord
[2025-12-22T04:15:56.141Z] GET /api/v1/health
[2025-12-22T04:16:03.362Z] POST /api/v1/calculate/discord
[2025-12-22T04:16:26.140Z] GET /api/v1/health
[2025-12-22T04:16:33.361Z] POST /api/v1/calculate/discord
[2025-12-22T04:16:56.474Z] GET /api/v1/health
[2025-12-22T04:17:03.362Z] POST /api/v1/calculate/discord
[2025-12-22T04:17:26.474Z] GET /api/v1/health
[2025-12-22T04:17:33.363Z] POST /api/v1/calculate/discord
[2025-12-22T04:17:33.365Z] POST /api/v1/calculate/discord
[2025-12-22T04:18:03.366Z] POST /api/v1/calculate/discord
[2025-12-22T04:18:27.477Z] GET /api/v1/health
[2025-12-22T04:18:33.368Z] POST /api/v1/calculate/discord
[2025-12-22T04:18:33.370Z] POST /api/v1/calculate/discord
[2025-12-22T04:19:03.370Z] POST /api/v1/calculate/discord
[2025-12-22T04:19:28.474Z] GET /api/v1/health
[2025-12-22T04:19:33.371Z] POST /api/v1/calculate/discord
[2025-12-22T04:19:56.475Z] GET /api/v1/health
[2025-12-22T04:20:03.373Z] POST /api/v1/calculate/discord
[2025-12-22T04:20:26.144Z] GET /api/v1/health
[2025-12-22T04:20:33.379Z] POST /api/v1/calculate/discord
[2025-12-22T04:20:56.476Z] GET /api/v1/health
[2025-12-22T04:21:03.376Z] POST /api/v1/calculate/discord
[2025-12-22T04:21:03.381Z] POST /api/v1/calculate/discord
[2025-12-22T04:21:26.475Z] GET /api/v1/health
[2025-12-22T04:21:33.377Z] POST /api/v1/calculate/discord
[2025-12-22T04:22:03.378Z] POST /api/v1/calculate/discord
[2025-12-22T04:22:19.169Z] GET /api/v1/health
[2025-12-22T04:22:26.143Z] GET /api/v1/health
[2025-12-22T04:22:33.379Z] POST /api/v1/calculate/discord
[2025-12-22T04:22:56.476Z] GET /api/v1/health
[2025-12-22T04:23:03.375Z] POST /api/v1/calculate/discord
[2025-12-22T04:23:26.477Z] GET /api/v1/health
[2025-12-22T04:23:33.377Z] POST /api/v1/calculate/discord
[2025-12-22T04:24:03.381Z] POST /api/v1/calculate/discord
[2025-12-22T04:24:05.618Z] GET /api/v1/health
[2025-12-22T04:24:26.475Z] GET /api/v1/health
[2025-12-22T04:24:33.380Z] POST /api/v1/calculate/discord
[2025-12-22T04:24:56.474Z] GET /api/v1/health
[2025-12-22T04:25:32.474Z] GET /api/v1/health
[2025-12-22T04:25:33.384Z] POST /api/v1/calculate/discord
[2025-12-22T04:26:32.472Z] GET /api/v1/health
[2025-12-22T04:26:56.141Z] GET /api/v1/health
[2025-12-22T04:26:58.989Z] GET /api/v1/health
[2025-12-22T04:26:58.991Z] GET /api/v1/health
[2025-12-22T04:27:03.387Z] POST /api/v1/calculate/discord
[2025-12-22T04:27:29.474Z] GET /api/v1/health
[2025-12-22T04:27:59.472Z] GET /api/v1/health
[2025-12-22T04:28:03.387Z] POST /api/v1/calculate/discord
[2025-12-22T04:28:29.473Z] GET /api/v1/health
[2025-12-22T04:28:33.445Z] POST /api/v1/calculate/discord
[2025-12-22T04:28:58.992Z] GET /api/v1/health
[2025-12-22T04:29:00.911Z] GET /api/v1/health
[2025-12-22T04:29:00.912Z] GET /api/v1/health
[2025-12-22T04:29:03.393Z] POST /api/v1/calculate/discord
[2025-12-22T04:29:03.400Z] POST /api/v1/calculate/discord
[2025-12-22T04:29:31.474Z] GET /api/v1/health
[2025-12-22T04:29:48.466Z] GET /api/v1/health
[2025-12-22T04:29:48.468Z] GET /api/v1/health
[2025-12-22T04:29:57.159Z] GET /api/v1/health
[2025-12-22T04:29:57.161Z] GET /api/v1/health
[2025-12-22T04:30:00.859Z] POST /api/v1/calculate/discord
[2025-12-22T04:30:00.865Z] POST /api/v1/calculate/discord
[2025-12-22T04:30:03.390Z] POST /api/v1/calculate/discord
[2025-12-22T04:30:03.394Z] POST /api/v1/calculate/discord
[2025-12-22T04:30:27.473Z] GET /api/v1/health
[2025-12-22T04:30:33.394Z] POST /api/v1/calculate/discord
[2025-12-22T04:30:57.472Z] GET /api/v1/health
[2025-12-22T04:31:27.472Z] GET /api/v1/health
[2025-12-22T04:31:57.161Z] GET /api/v1/health
[2025-12-22T04:31:58.864Z] GET /api/v1/health
[2025-12-22T04:31:58.867Z] GET /api/v1/health
[2025-12-22T04:32:03.396Z] POST /api/v1/calculate/discord
[2025-12-22T04:32:12.411Z] GET /api/v1/health
[2025-12-22T04:32:12.414Z] GET /api/v1/health
[2025-12-22T04:32:33.392Z] POST /api/v1/calculate/discord
[2025-12-22T04:32:42.474Z] GET /api/v1/health
[2025-12-22T04:33:12.472Z] GET /api/v1/health
[2025-12-22T04:33:33.397Z] POST /api/v1/calculate/discord
[2025-12-22T04:33:42.471Z] GET /api/v1/health
[2025-12-22T04:34:12.471Z] GET /api/v1/health
[2025-12-22T04:34:26.566Z] GET /api/v1/health
[2025-12-22T04:34:26.573Z] GET /api/v1/health
[2025-12-22T04:34:57.472Z] GET /api/v1/health
[2025-12-22T04:35:27.043Z] GET /api/v1/health
[2025-12-22T04:35:33.396Z] POST /api/v1/calculate/discord
[2025-12-22T04:35:33.400Z] POST /api/v1/calculate/discord
[2025-12-22T04:35:57.470Z] GET /api/v1/health
[2025-12-22T04:36:15.581Z] POST /api/v1/calculate/discord
[2025-12-22T04:36:27.470Z] GET /api/v1/health
[2025-12-22T04:36:33.405Z] POST /api/v1/calculate/discord
[2025-12-22T04:36:33.415Z] POST /api/v1/calculate/discord
[2025-12-22T04:36:56.570Z] GET /api/v1/health
[2025-12-22T04:37:03.405Z] POST /api/v1/calculate/discord
[2025-12-22T04:37:03.410Z] POST /api/v1/calculate/discord
[2025-12-22T04:37:26.570Z] GET /api/v1/health
[2025-12-22T04:37:33.403Z] POST /api/v1/calculate/discord
[2025-12-22T04:37:33.408Z] POST /api/v1/calculate/discord
[2025-12-22T04:37:56.512Z] GET /api/v1/health
[2025-12-22T04:37:56.517Z] GET /api/v1/health
[2025-12-22T04:38:21.566Z] GET /api/v1/health
[2025-12-22T04:38:21.568Z] GET /api/v1/health
[2025-12-22T04:38:52.469Z] GET /api/v1/health
[2025-12-22T04:39:03.405Z] POST /api/v1/calculate/discord
[2025-12-22T04:39:03.410Z] POST /api/v1/calculate/discord
[2025-12-22T04:39:22.468Z] GET /api/v1/health
[2025-12-22T04:39:51.571Z] GET /api/v1/health
[2025-12-22T04:40:03.408Z] POST /api/v1/calculate/discord
[2025-12-22T04:40:21.572Z] GET /api/v1/health
[2025-12-22T04:40:33.408Z] POST /api/v1/calculate/discord
[2025-12-22T04:40:33.413Z] POST /api/v1/calculate/discord
[2025-12-22T04:40:52.469Z] GET /api/v1/health
[2025-12-22T04:41:22.468Z] GET /api/v1/health
[2025-12-22T04:41:51.760Z] GET /api/v1/health
[2025-12-22T04:42:03.411Z] POST /api/v1/calculate/discord
[2025-12-22T04:42:21.568Z] GET /api/v1/health
[2025-12-22T04:42:33.406Z] POST /api/v1/calculate/discord
[2025-12-22T04:42:51.570Z] GET /api/v1/health
[2025-12-22T04:43:09.488Z] GET /api/v1/health
[2025-12-22T04:43:09.494Z] GET /api/v1/health
[2025-12-22T04:43:40.469Z] GET /api/v1/health
[2025-12-22T04:44:03.413Z] POST /api/v1/calculate/discord
[2025-12-22T04:44:10.467Z] GET /api/v1/health
[2025-12-22T04:44:40.468Z] GET /api/v1/health
[2025-12-22T04:45:10.467Z] GET /api/v1/health
[2025-12-22T04:45:33.416Z] POST /api/v1/calculate/discord
[2025-12-22T04:45:33.421Z] POST /api/v1/calculate/discord
[2025-12-22T04:45:40.467Z] GET /api/v1/health
[2025-12-22T04:46:03.415Z] POST /api/v1/calculate/discord
[2025-12-22T04:46:10.465Z] GET /api/v1/health
[2025-12-22T04:46:33.410Z] POST /api/v1/calculate/discord
[2025-12-22T04:47:25.584Z] GET /api/v1/health
[2025-12-22T04:47:30.391Z] GET /api/v1/health
[2025-12-22T04:47:30.396Z] GET /api/v1/health
[2025-12-22T04:48:00.397Z] GET /api/v1/health
[2025-12-22T04:48:03.422Z] POST /api/v1/calculate/discord
[2025-12-22T04:48:12.306Z] GET /api/v1/health
[2025-12-22T04:48:12.311Z] GET /api/v1/health
[2025-12-22T04:48:16.664Z] GET /api/v1/health
[2025-12-22T04:48:16.669Z] GET /api/v1/health
[2025-12-22T04:48:23.265Z] GET /api/v1/health
[2025-12-22T04:48:23.267Z] GET /api/v1/health
[2025-12-22T04:48:23.378Z] POST /api/v1/calculate/discord
[2025-12-22T04:48:53.268Z] GET /api/v1/health
[2025-12-22T04:49:23.466Z] GET /api/v1/health
[2025-12-22T04:49:49.371Z] GET /api/v1/health
[2025-12-22T04:49:49.375Z] GET /api/v1/health
[2025-12-22T04:49:55.351Z] POST /api/v1/calculate/discord
[2025-12-22T04:49:55.355Z] POST /api/v1/calculate/discord
[2025-12-22T04:50:19.375Z] GET /api/v1/health
[2025-12-22T04:50:49.464Z] GET /api/v1/health
[2025-12-22T04:50:53.880Z] POST /api/v1/calculate/discord
[2025-12-22T04:50:53.883Z] POST /api/v1/calculate/discord
[2025-12-22T04:51:19.374Z] GET /api/v1/health
[2025-12-22T04:51:49.375Z] GET /api/v1/health
[2025-12-22T04:52:09.299Z] POST /api/v1/calculate/discord
[2025-12-22T04:52:09.302Z] POST /api/v1/calculate/discord
[2025-12-22T04:52:19.374Z] GET /api/v1/health
[2025-12-22T04:52:49.374Z] GET /api/v1/health
[2025-12-22T04:53:19.463Z] GET /api/v1/health
[2025-12-22T04:53:49.462Z] GET /api/v1/health
[2025-12-22T04:54:19.374Z] GET /api/v1/health
[2025-12-22T04:54:49.465Z] GET /api/v1/health
[2025-12-22T04:55:19.374Z] GET /api/v1/health
[2025-12-22T04:55:49.463Z] GET /api/v1/health
[2025-12-22T04:56:19.373Z] GET /api/v1/health
[2025-12-22T04:56:49.373Z] GET /api/v1/health
[2025-12-22T04:57:19.465Z] GET /api/v1/health
[2025-12-22T04:57:49.463Z] GET /api/v1/health
[2025-12-22T04:58:26.749Z] GET /api/v1/health
[2025-12-22T04:59:10.482Z] GET /api/v1/health
[2025-12-22T04:59:10.483Z] GET /api/v1/health
[2025-12-22T04:59:40.484Z] GET /api/v1/health
[2025-12-22T05:00:10.484Z] GET /api/v1/health
[2025-12-22T05:00:41.461Z] GET /api/v1/health
[2025-12-22T05:01:11.462Z] GET /api/v1/health
[2025-12-22T05:01:41.461Z] GET /api/v1/health
[2025-12-22T05:02:11.460Z] GET /api/v1/health
[2025-12-22T05:02:40.484Z] GET /api/v1/health
[2025-12-22T05:03:14.051Z] GET /api/v1/health
[2025-12-22T05:03:41.461Z] GET /api/v1/health
[2025-12-22T05:04:10.485Z] GET /api/v1/health
[2025-12-22T05:04:20.586Z] GET /api/v1/health
[2025-12-22T05:04:20.588Z] GET /api/v1/health
[2025-12-22T05:04:50.589Z] GET /api/v1/health
[2025-12-22T05:04:59.828Z] GET /api/v1/health
[2025-12-22T05:04:59.836Z] GET /api/v1/health
[2025-12-22T05:05:29.833Z] GET /api/v1/health
[2025-12-22T05:06:00.462Z] GET /api/v1/health
[2025-12-22T05:06:30.462Z] GET /api/v1/health
[2025-12-22T05:07:00.462Z] GET /api/v1/health
[2025-12-22T05:07:30.463Z] GET /api/v1/health
[2025-12-22T05:08:00.462Z] GET /api/v1/health
[2025-12-22T05:08:16.079Z] GET /api/v1/health
[2025-12-22T05:08:16.086Z] GET /api/v1/health
[2025-12-22T05:08:46.084Z] GET /api/v1/health
[2025-12-22T05:09:16.460Z] GET /api/v1/health
[2025-12-22T05:09:42.311Z] GET /api/v1/health
[2025-12-22T05:09:42.314Z] GET /api/v1/health
[2025-12-22T05:10:12.459Z] GET /api/v1/health
[2025-12-22T05:10:42.462Z] GET /api/v1/health
[2025-12-22T05:10:55.789Z] GET /api/v1/health
[2025-12-22T05:10:55.794Z] GET /api/v1/health
[2025-12-22T05:11:26.463Z] GET /api/v1/health
[2025-12-22T05:11:39.569Z] POST /api/v1/calculate/discord
[2025-12-22T05:11:56.461Z] GET /api/v1/health
[2025-12-22T05:12:05.744Z] GET /api/v1/health
[2025-12-22T05:12:05.746Z] GET /api/v1/health
[2025-12-22T05:12:35.745Z] GET /api/v1/health
[2025-12-22T05:13:06.462Z] GET /api/v1/health
[2025-12-22T05:13:36.458Z] GET /api/v1/health
[2025-12-22T05:14:05.745Z] GET /api/v1/health
[2025-12-22T05:14:36.461Z] GET /api/v1/health
[2025-12-22T05:15:06.459Z] GET /api/v1/health
[2025-12-22T05:15:36.459Z] GET /api/v1/health
[2025-12-22T05:16:05.742Z] GET /api/v1/health
[2025-12-22T05:16:36.458Z] GET /api/v1/health
[2025-12-22T05:17:06.458Z] GET /api/v1/health
[2025-12-22T05:17:35.743Z] GET /api/v1/health
[2025-12-22T05:18:05.741Z] GET /api/v1/health
[2025-12-22T05:18:07.376Z] GET /api/v1/health
[2025-12-22T05:18:07.379Z] GET /api/v1/health
[2025-12-22T05:18:37.457Z] GET /api/v1/health
[2025-12-22T05:19:07.460Z] GET /api/v1/health
[2025-12-22T05:19:37.460Z] GET /api/v1/health
[2025-12-22T05:20:07.461Z] GET /api/v1/health
[2025-12-22T05:20:37.459Z] GET /api/v1/health
[2025-12-22T05:21:07.458Z] GET /api/v1/health
[2025-12-22T05:21:37.460Z] GET /api/v1/health
[2025-12-22T05:22:32.459Z] GET /api/v1/health
[2025-12-22T05:23:32.458Z] GET /api/v1/health
[2025-12-22T05:24:32.457Z] GET /api/v1/health
[2025-12-22T05:25:32.457Z] GET /api/v1/health
[2025-12-22T05:26:32.457Z] GET /api/v1/health
[2025-12-22T05:27:32.457Z] GET /api/v1/health
[2025-12-22T05:28:32.456Z] GET /api/v1/health
[2025-12-22T05:29:32.456Z] GET /api/v1/health
[2025-12-22T05:30:32.459Z] GET /api/v1/health
[2025-12-22T05:31:32.455Z] GET /api/v1/health
[2025-12-22T05:32:32.452Z] GET /api/v1/health
[2025-12-22T05:33:32.456Z] GET /api/v1/health
[2025-12-22T05:34:32.457Z] GET /api/v1/health
[2025-12-22T05:35:32.455Z] GET /api/v1/health
[2025-12-22T05:36:32.457Z] GET /api/v1/health
[2025-12-22T05:37:32.458Z] GET /api/v1/health
[2025-12-22T05:38:32.456Z] GET /api/v1/health
[2025-12-22T05:39:32.457Z] GET /api/v1/health
[2025-12-22T05:40:32.460Z] GET /api/v1/health
[2025-12-22T05:41:32.455Z] GET /api/v1/health
[2025-12-22T05:42:32.454Z] GET /api/v1/health
[2025-12-22T05:43:32.454Z] GET /api/v1/health
[2025-12-22T05:44:32.454Z] GET /api/v1/health
[2025-12-22T05:45:32.454Z] GET /api/v1/health
[2025-12-22T05:46:32.454Z] GET /api/v1/health
[2025-12-22T05:47:32.454Z] GET /api/v1/health
[2025-12-22T05:48:32.455Z] GET /api/v1/health
[2025-12-22T05:49:20.993Z] GET /api/v1/health
[2025-12-22T05:49:37.453Z] GET /api/v1/health
[2025-12-22T05:50:07.451Z] GET /api/v1/health
[2025-12-22T05:51:08.453Z] GET /api/v1/health
[2025-12-22T05:52:09.451Z] GET /api/v1/health
[2025-12-22T05:53:10.453Z] GET /api/v1/health
[2025-12-22T05:54:11.452Z] GET /api/v1/health
[2025-12-22T05:55:12.452Z] GET /api/v1/health
[2025-12-22T05:56:13.451Z] GET /api/v1/health
[2025-12-22T05:57:14.450Z] GET /api/v1/health
[2025-12-22T05:58:15.452Z] GET /api/v1/health
[2025-12-22T05:59:16.448Z] GET /api/v1/health
[2025-12-22T06:00:17.450Z] GET /api/v1/health
[2025-12-22T06:01:18.450Z] GET /api/v1/health
[2025-12-22T06:02:19.450Z] GET /api/v1/health
[2025-12-22T06:03:20.450Z] GET /api/v1/health
[2025-12-22T06:04:21.449Z] GET /api/v1/health
[2025-12-22T06:05:22.451Z] GET /api/v1/health
[2025-12-22T06:06:23.452Z] GET /api/v1/health
[2025-12-22T06:07:24.452Z] GET /api/v1/health
[2025-12-22T06:08:25.452Z] GET /api/v1/health
[2025-12-22T06:09:26.453Z] GET /api/v1/health
[2025-12-22T06:10:27.451Z] GET /api/v1/health
[2025-12-22T06:11:28.451Z] GET /api/v1/health
[2025-12-22T06:12:29.452Z] GET /api/v1/health
[2025-12-22T06:13:30.450Z] GET /api/v1/health
[2025-12-22T06:14:31.450Z] GET /api/v1/health
[2025-12-22T06:15:32.450Z] GET /api/v1/health
[2025-12-22T06:16:32.449Z] GET /api/v1/health
[2025-12-22T06:17:32.449Z] GET /api/v1/health
[2025-12-22T06:18:32.450Z] GET /api/v1/health
[2025-12-22T06:19:32.449Z] GET /api/v1/health
[2025-12-22T06:20:32.452Z] GET /api/v1/health
[2025-12-22T06:21:32.451Z] GET /api/v1/health
[2025-12-22T06:22:32.453Z] GET /api/v1/health
[2025-12-22T06:23:32.451Z] GET /api/v1/health
[2025-12-22T06:24:32.450Z] GET /api/v1/health
[2025-12-22T06:25:32.450Z] GET /api/v1/health
[2025-12-22T06:26:32.450Z] GET /api/v1/health
[2025-12-22T06:27:32.450Z] GET /api/v1/health
[2025-12-22T06:28:32.451Z] GET /api/v1/health
[2025-12-22T06:29:32.449Z] GET /api/v1/health
[2025-12-22T06:30:32.449Z] GET /api/v1/health
[2025-12-22T06:31:32.450Z] GET /api/v1/health
[2025-12-22T06:32:32.450Z] GET /api/v1/health
[2025-12-22T06:33:32.451Z] GET /api/v1/health
[2025-12-22T06:34:32.449Z] GET /api/v1/health
[2025-12-22T06:35:32.450Z] GET /api/v1/health
[2025-12-22T06:36:32.450Z] GET /api/v1/health
[2025-12-22T06:37:32.449Z] GET /api/v1/health
[2025-12-22T06:38:32.450Z] GET /api/v1/health
[2025-12-22T06:39:32.450Z] GET /api/v1/health
[2025-12-22T06:40:32.449Z] GET /api/v1/health
[2025-12-22T06:41:32.447Z] GET /api/v1/health
[2025-12-22T06:42:32.448Z] GET /api/v1/health
[2025-12-22T06:43:32.447Z] GET /api/v1/health
[2025-12-22T06:44:32.450Z] GET /api/v1/health
[2025-12-22T06:45:32.447Z] GET /api/v1/health
[2025-12-22T06:46:32.447Z] GET /api/v1/health
[2025-12-22T06:47:32.447Z] GET /api/v1/health
[2025-12-22T06:48:32.447Z] GET /api/v1/health
[2025-12-22T06:49:32.446Z] GET /api/v1/health
[2025-12-22T06:49:54.137Z] GET /api/v1/health
[2025-12-22T06:50:00.144Z] GET /api/v1/health
[2025-12-22T06:50:00.145Z] GET /api/v1/health
[2025-12-22T06:50:30.150Z] GET /api/v1/health
[2025-12-22T06:51:00.452Z] GET /api/v1/health
[2025-12-22T06:51:30.452Z] GET /api/v1/health
[2025-12-22T06:52:00.448Z] GET /api/v1/health
[2025-12-22T06:52:30.447Z] GET /api/v1/health
[2025-12-22T06:53:00.451Z] GET /api/v1/health
[2025-12-22T06:53:30.447Z] GET /api/v1/health
[2025-12-22T06:54:31.450Z] GET /api/v1/health
[2025-12-22T06:55:32.450Z] GET /api/v1/health
[2025-12-22T06:56:32.450Z] GET /api/v1/health
[2025-12-22T06:57:32.449Z] GET /api/v1/health
[2025-12-22T06:58:32.451Z] GET /api/v1/health
[2025-12-22T06:59:00.146Z] GET /api/v1/health
[2025-12-22T06:59:30.448Z] GET /api/v1/health
[2025-12-22T07:00:00.447Z] GET /api/v1/health
[2025-12-22T07:00:32.448Z] GET /api/v1/health
[2025-12-22T07:01:32.447Z] GET /api/v1/health
[2025-12-22T07:02:32.450Z] GET /api/v1/health
[2025-12-22T07:03:32.449Z] GET /api/v1/health
[2025-12-22T07:04:32.452Z] GET /api/v1/health
[2025-12-22T07:05:32.449Z] GET /api/v1/health
[2025-12-22T07:06:32.446Z] GET /api/v1/health
[2025-12-22T07:07:32.449Z] GET /api/v1/health
[2025-12-22T07:08:32.449Z] GET /api/v1/health
[2025-12-22T07:09:32.449Z] GET /api/v1/health
[2025-12-22T07:10:32.448Z] GET /api/v1/health
[2025-12-22T07:11:32.448Z] GET /api/v1/health
[2025-12-22T07:12:32.448Z] GET /api/v1/health
[2025-12-22T07:13:32.448Z] GET /api/v1/health
[2025-12-22T07:14:32.448Z] GET /api/v1/health
[2025-12-22T07:15:32.449Z] GET /api/v1/health
[2025-12-22T07:16:32.447Z] GET /api/v1/health
[2025-12-22T07:17:32.447Z] GET /api/v1/health
[2025-12-22T07:18:32.448Z] GET /api/v1/health
[2025-12-22T07:19:32.444Z] GET /api/v1/health
[2025-12-22T07:20:32.435Z] GET /api/v1/health
[2025-12-22T07:21:32.439Z] GET /api/v1/health
[2025-12-22T07:22:32.433Z] GET /api/v1/health
[2025-12-22T07:23:32.434Z] GET /api/v1/health
[2025-12-22T07:24:32.434Z] GET /api/v1/health
[2025-12-22T07:25:32.436Z] GET /api/v1/health
[2025-12-22T07:26:32.438Z] GET /api/v1/health
[2025-12-22T07:27:32.433Z] GET /api/v1/health
[2025-12-22T07:28:32.437Z] GET /api/v1/health
[2025-12-22T07:29:32.435Z] GET /api/v1/health
[2025-12-22T07:30:32.433Z] GET /api/v1/health
[2025-12-22T07:31:32.435Z] GET /api/v1/health
[2025-12-22T07:32:32.439Z] GET /api/v1/health
[2025-12-22T07:33:32.435Z] GET /api/v1/health
[2025-12-22T07:34:32.437Z] GET /api/v1/health
[2025-12-22T07:35:32.431Z] GET /api/v1/health
[2025-12-22T07:36:32.426Z] GET /api/v1/health
[2025-12-22T07:37:32.423Z] GET /api/v1/health
[2025-12-22T07:38:32.425Z] GET /api/v1/health
[2025-12-22T07:39:32.426Z] GET /api/v1/health
[2025-12-22T07:40:32.433Z] GET /api/v1/health
[2025-12-22T07:41:32.427Z] GET /api/v1/health
[2025-12-22T07:42:32.426Z] GET /api/v1/health
[2025-12-22T07:43:32.424Z] GET /api/v1/health
[2025-12-22T07:44:32.430Z] GET /api/v1/health
[2025-12-22T07:45:32.422Z] GET /api/v1/health
[2025-12-22T07:46:32.424Z] GET /api/v1/health
[2025-12-22T07:47:32.426Z] GET /api/v1/health
[2025-12-22T07:48:32.425Z] GET /api/v1/health
[2025-12-22T07:49:32.427Z] GET /api/v1/health
[2025-12-22T07:50:32.429Z] GET /api/v1/health
[2025-12-22T07:51:32.433Z] GET /api/v1/health
[2025-12-22T07:52:32.430Z] GET /api/v1/health
[2025-12-22T07:53:32.432Z] GET /api/v1/health
[2025-12-22T07:54:32.431Z] GET /api/v1/health
[2025-12-22T07:55:32.433Z] GET /api/v1/health
[2025-12-22T07:56:32.432Z] GET /api/v1/health
[2025-12-22T07:57:32.433Z] GET /api/v1/health
[2025-12-22T07:58:32.432Z] GET /api/v1/health
[2025-12-22T07:59:32.429Z] GET /api/v1/health
[2025-12-22T08:00:32.428Z] GET /api/v1/health
[2025-12-22T08:01:32.428Z] GET /api/v1/health
[2025-12-22T08:02:32.431Z] GET /api/v1/health
[2025-12-22T08:03:32.431Z] GET /api/v1/health
[2025-12-22T08:04:32.430Z] GET /api/v1/health
[2025-12-22T08:05:32.435Z] GET /api/v1/health
[2025-12-22T08:06:32.439Z] GET /api/v1/health
[2025-12-22T08:07:32.438Z] GET /api/v1/health
[2025-12-22T08:08:32.439Z] GET /api/v1/health
[2025-12-22T08:09:32.437Z] GET /api/v1/health
[2025-12-22T08:10:32.435Z] GET /api/v1/health
[2025-12-22T08:11:32.438Z] GET /api/v1/health
[2025-12-22T08:12:32.436Z] GET /api/v1/health
[2025-12-22T08:13:32.439Z] GET /api/v1/health
[2025-12-22T08:14:32.437Z] GET /api/v1/health
[2025-12-22T08:15:32.437Z] GET /api/v1/health
[2025-12-22T08:16:32.436Z] GET /api/v1/health
[2025-12-22T08:17:32.438Z] GET /api/v1/health
[2025-12-22T08:18:32.438Z] GET /api/v1/health
[2025-12-22T08:19:32.434Z] GET /api/v1/health
[2025-12-22T08:20:32.433Z] GET /api/v1/health
[2025-12-22T08:21:32.441Z] GET /api/v1/health
[2025-12-22T08:22:32.437Z] GET /api/v1/health
[2025-12-22T08:23:32.438Z] GET /api/v1/health
[2025-12-22T08:24:32.438Z] GET /api/v1/health
[2025-12-22T08:25:32.439Z] GET /api/v1/health
[2025-12-22T08:26:32.436Z] GET /api/v1/health
[2025-12-22T08:27:32.437Z] GET /api/v1/health
[2025-12-22T08:28:32.442Z] GET /api/v1/health
[2025-12-22T08:29:32.438Z] GET /api/v1/health
[2025-12-22T08:30:32.438Z] GET /api/v1/health
[2025-12-22T08:31:32.437Z] GET /api/v1/health
[2025-12-22T08:32:32.441Z] GET /api/v1/health
[2025-12-22T08:33:32.438Z] GET /api/v1/health
[2025-12-22T08:34:32.440Z] GET /api/v1/health
[2025-12-22T08:35:32.438Z] GET /api/v1/health
[2025-12-22T08:36:32.439Z] GET /api/v1/health
[2025-12-22T08:37:32.437Z] GET /api/v1/health
[2025-12-22T08:38:32.435Z] GET /api/v1/health
[2025-12-22T08:39:32.439Z] GET /api/v1/health
[2025-12-22T08:40:32.434Z] GET /api/v1/health
[2025-12-22T08:41:32.435Z] GET /api/v1/health
[2025-12-22T08:42:32.434Z] GET /api/v1/health
[2025-12-22T08:43:32.435Z] GET /api/v1/health
[2025-12-22T08:44:32.435Z] GET /api/v1/health
[2025-12-22T08:45:32.436Z] GET /api/v1/health
[2025-12-22T08:46:32.435Z] GET /api/v1/health
[2025-12-22T08:47:32.439Z] GET /api/v1/health
[2025-12-22T08:48:32.441Z] GET /api/v1/health
[2025-12-22T08:49:32.437Z] GET /api/v1/health
[2025-12-22T08:50:32.437Z] GET /api/v1/health
[2025-12-22T08:51:32.436Z] GET /api/v1/health
[2025-12-22T08:52:32.436Z] GET /api/v1/health
[2025-12-22T08:53:32.434Z] GET /api/v1/health
[2025-12-22T08:54:32.433Z] GET /api/v1/health
[2025-12-22T08:55:32.435Z] GET /api/v1/health
[2025-12-22T08:56:32.432Z] GET /api/v1/health
[2025-12-22T08:57:32.436Z] GET /api/v1/health
[2025-12-22T08:58:32.433Z] GET /api/v1/health
[2025-12-22T08:59:32.441Z] GET /api/v1/health
[2025-12-22T09:00:32.433Z] GET /api/v1/health
[2025-12-22T09:01:32.439Z] GET /api/v1/health
[2025-12-22T09:02:32.436Z] GET /api/v1/health
[2025-12-22T09:03:32.438Z] GET /api/v1/health
[2025-12-22T09:04:32.436Z] GET /api/v1/health
[2025-12-22T09:05:32.440Z] GET /api/v1/health
[2025-12-22T09:06:32.432Z] GET /api/v1/health
[2025-12-22T09:07:32.436Z] GET /api/v1/health
[2025-12-22T09:08:32.439Z] GET /api/v1/health
[2025-12-22T09:09:32.431Z] GET /api/v1/health
[2025-12-22T09:10:32.436Z] GET /api/v1/health
[2025-12-22T09:11:32.437Z] GET /api/v1/health
[2025-12-22T09:12:32.434Z] GET /api/v1/health
[2025-12-22T09:12:57.742Z] GET /api/v1/health
[2025-12-22T09:12:57.744Z] GET /api/v1/health
[2025-12-22T09:14:35.488Z] GET /api/v1/health
[2025-12-22T09:15:05.485Z] GET /api/v1/health
[2025-12-22T09:15:35.485Z] GET /api/v1/health
[2025-12-22T09:16:04.798Z] GET /api/v1/health
[2025-12-22T09:16:35.482Z] GET /api/v1/health
[2025-12-22T09:17:05.483Z] GET /api/v1/health
[2025-12-22T09:17:35.484Z] GET /api/v1/health
[2025-12-22T09:18:05.482Z] GET /api/v1/health
[2025-12-22T09:18:34.797Z] GET /api/v1/health
[2025-12-22T09:19:04.796Z] GET /api/v1/health
[2025-12-22T09:19:35.484Z] GET /api/v1/health
[2025-12-22T09:20:05.485Z] GET /api/v1/health
[2025-12-22T09:20:35.485Z] GET /api/v1/health
[2025-12-22T09:21:04.797Z] GET /api/v1/health
[2025-12-22T09:21:35.484Z] GET /api/v1/health
[2025-12-22T09:22:04.799Z] GET /api/v1/health
[2025-12-22T09:22:35.483Z] GET /api/v1/health
[2025-12-22T09:23:05.484Z] GET /api/v1/health
[2025-12-22T09:23:35.484Z] GET /api/v1/health
[2025-12-22T09:24:04.798Z] GET /api/v1/health
[2025-12-22T09:24:34.798Z] GET /api/v1/health
[2025-12-22T09:25:05.485Z] GET /api/v1/health
[2025-12-22T09:25:34.795Z] GET /api/v1/health
[2025-12-22T09:26:05.485Z] GET /api/v1/health
[2025-12-22T09:26:35.482Z] GET /api/v1/health
[2025-12-22T09:27:05.484Z] GET /api/v1/health
[2025-12-22T09:27:15.582Z] GET /api/v1/health
[2025-12-22T09:27:15.583Z] GET /api/v1/health
[2025-12-22T09:27:46.484Z] GET /api/v1/health
[2025-12-22T09:28:16.482Z] GET /api/v1/health
[2025-12-22T09:28:45.588Z] GET /api/v1/health
[2025-12-22T09:29:13.728Z] GET /api/v1/health
[2025-12-22T09:29:13.730Z] GET /api/v1/health
[2025-12-22T09:29:44.482Z] GET /api/v1/health
[2025-12-22T09:30:13.733Z] GET /api/v1/health
[2025-12-22T09:30:15.941Z] GET /api/v1/health
[2025-12-22T09:30:15.944Z] GET /api/v1/health
[2025-12-22T09:30:46.486Z] GET /api/v1/health
[2025-12-22T09:31:15.943Z] GET /api/v1/health
[2025-12-22T09:31:27.609Z] GET /api/v1/health
[2025-12-22T09:31:27.616Z] GET /api/v1/health
[2025-12-22T09:31:56.052Z] GET /api/v1/health
[2025-12-22T09:31:56.055Z] GET /api/v1/health
[2025-12-22T09:32:04.756Z] GET /api/v1/health
[2025-12-22T09:32:04.758Z] GET /api/v1/health
[2025-12-22T09:32:17.665Z] GET /api/v1/health
[2025-12-22T09:32:17.666Z] GET /api/v1/health
[2025-12-22T09:32:48.485Z] GET /api/v1/health
[2025-12-22T09:33:18.485Z] GET /api/v1/health
[2025-12-22T09:33:37.820Z] GET /api/v1/health
[2025-12-22T09:33:37.821Z] GET /api/v1/health
[2025-12-22T09:33:48.721Z] GET /api/v1/health
[2025-12-22T09:33:48.722Z] GET /api/v1/health
[2025-12-22T09:34:01.255Z] POST /api/v1/calculate/discord
[2025-12-22T09:34:01.263Z] POST /api/v1/calculate/discord
[2025-12-22T09:34:18.722Z] GET /api/v1/health
[2025-12-22T09:34:49.485Z] GET /api/v1/health
[2025-12-22T09:35:19.484Z] GET /api/v1/health
[2025-12-22T09:35:49.486Z] GET /api/v1/health
[2025-12-22T09:36:18.722Z] GET /api/v1/health
[2025-12-22T09:36:49.485Z] GET /api/v1/health
[2025-12-22T09:37:19.485Z] GET /api/v1/health
[2025-12-22T09:38:04.714Z] GET /api/v1/health
[2025-12-22T09:38:19.484Z] GET /api/v1/health
[2025-12-22T09:38:42.719Z] GET /api/v1/health
[2025-12-22T09:38:42.721Z] GET /api/v1/health
[2025-12-22T09:39:13.486Z] GET /api/v1/health
[2025-12-22T09:39:42.725Z] GET /api/v1/health
[2025-12-22T09:40:13.484Z] GET /api/v1/health
[2025-12-22T09:40:43.484Z] GET /api/v1/health
[2025-12-22T09:41:24.534Z] GET /api/v1/health
[2025-12-22T09:41:24.535Z] GET /api/v1/health
[2025-12-22T09:41:54.537Z] GET /api/v1/health
[2025-12-22T09:42:24.539Z] GET /api/v1/health
[2025-12-22T09:42:55.485Z] GET /api/v1/health
[2025-12-22T09:43:25.485Z] GET /api/v1/health
[2025-12-22T09:43:55.485Z] GET /api/v1/health
[2025-12-22T09:44:01.682Z] GET /api/v1/health
[2025-12-22T09:44:01.684Z] GET /api/v1/health
[2025-12-22T09:44:25.483Z] GET /api/v1/health
[2025-12-22T09:44:32.486Z] GET /api/v1/health
[2025-12-22T09:45:02.486Z] GET /api/v1/health
[2025-12-22T09:45:26.484Z] GET /api/v1/health
[2025-12-22T09:45:32.487Z] GET /api/v1/health
[2025-12-22T09:46:02.488Z] GET /api/v1/health
[2025-12-22T09:46:27.486Z] GET /api/v1/health
[2025-12-22T09:46:32.486Z] GET /api/v1/health
[2025-12-22T09:47:02.494Z] GET /api/v1/health
[2025-12-22T09:47:28.488Z] GET /api/v1/health
[2025-12-22T09:47:32.486Z] GET /api/v1/health
[2025-12-22T09:48:29.486Z] GET /api/v1/health
[2025-12-22T09:48:33.491Z] GET /api/v1/health
[2025-12-22T09:49:30.483Z] GET /api/v1/health
[2025-12-22T09:49:34.489Z] GET /api/v1/health
[2025-12-22T09:50:31.485Z] GET /api/v1/health
[2025-12-22T09:50:35.484Z] GET /api/v1/health
[2025-12-22T09:51:32.486Z] GET /api/v1/health
[2025-12-22T09:51:36.485Z] GET /api/v1/health
[2025-12-22T09:52:33.487Z] GET /api/v1/health
[2025-12-22T09:52:37.485Z] GET /api/v1/health
[2025-12-22T09:53:34.485Z] GET /api/v1/health
[2025-12-22T09:53:38.488Z] GET /api/v1/health
[2025-12-22T09:54:35.486Z] GET /api/v1/health
[2025-12-22T09:54:39.486Z] GET /api/v1/health
[2025-12-22T09:55:36.485Z] GET /api/v1/health
[2025-12-22T09:55:39.487Z] GET /api/v1/health
[2025-12-22T09:56:37.486Z] GET /api/v1/health
[2025-12-22T09:56:39.487Z] GET /api/v1/health
[2025-12-22T09:57:38.487Z] GET /api/v1/health
[2025-12-22T09:57:39.487Z] GET /api/v1/health
[2025-12-22T09:58:39.490Z] GET /api/v1/health
[2025-12-22T09:58:39.491Z] GET /api/v1/health
[2025-12-22T09:59:39.488Z] GET /api/v1/health
[2025-12-22T09:59:39.489Z] GET /api/v1/health
[2025-12-22T09:59:45.207Z] GET /api/v1/health
[2025-12-22T09:59:45.208Z] GET /api/v1/health
[2025-12-22T10:00:15.484Z] GET /api/v1/health
[2025-12-22T10:00:39.489Z] GET /api/v1/health
[2025-12-22T10:00:45.485Z] GET /api/v1/health
[2025-12-22T10:01:15.484Z] GET /api/v1/health
[2025-12-22T10:01:39.485Z] GET /api/v1/health
[2025-12-22T10:01:45.486Z] GET /api/v1/health
[2025-12-22T10:02:15.486Z] GET /api/v1/health
[2025-12-22T10:02:39.486Z] GET /api/v1/health
[2025-12-22T10:02:45.485Z] GET /api/v1/health
[2025-12-22T10:03:15.484Z] GET /api/v1/health
[2025-12-22T10:03:39.486Z] GET /api/v1/health
[2025-12-22T10:04:16.486Z] GET /api/v1/health
[2025-12-22T10:04:39.487Z] GET /api/v1/health
[2025-12-22T10:05:17.484Z] GET /api/v1/health
[2025-12-22T10:05:39.489Z] GET /api/v1/health
[2025-12-22T10:06:18.486Z] GET /api/v1/health
[2025-12-22T10:06:39.483Z] GET /api/v1/health
[2025-12-22T10:07:01.908Z] GET /api/v1/health
[2025-12-22T10:07:15.483Z] GET /api/v1/health
[2025-12-22T10:07:39.488Z] GET /api/v1/health
[2025-12-22T10:07:45.484Z] GET /api/v1/health
[2025-12-22T10:08:39.485Z] GET /api/v1/health
[2025-12-22T10:08:39.486Z] GET /api/v1/health
[2025-12-22T10:09:39.489Z] GET /api/v1/health
[2025-12-22T10:09:39.490Z] GET /api/v1/health
[2025-12-22T10:10:39.490Z] GET /api/v1/health
[2025-12-22T10:10:39.491Z] GET /api/v1/health
[2025-12-22T10:11:39.489Z] GET /api/v1/health
[2025-12-22T10:11:39.490Z] GET /api/v1/health
[2025-12-22T10:12:39.486Z] GET /api/v1/health
[2025-12-22T10:12:39.487Z] GET /api/v1/health
[2025-12-22T10:13:39.490Z] GET /api/v1/health
[2025-12-22T10:13:39.491Z] GET /api/v1/health
[2025-12-22T10:14:39.485Z] GET /api/v1/health
[2025-12-22T10:14:39.486Z] GET /api/v1/health
[2025-12-22T10:15:39.488Z] GET /api/v1/health
[2025-12-22T10:15:39.488Z] GET /api/v1/health
[2025-12-22T10:16:39.485Z] GET /api/v1/health
[2025-12-22T10:16:39.486Z] GET /api/v1/health
[2025-12-22T10:17:39.489Z] GET /api/v1/health
[2025-12-22T10:17:39.490Z] GET /api/v1/health
[2025-12-22T10:18:39.488Z] GET /api/v1/health
[2025-12-22T10:18:39.489Z] GET /api/v1/health
[2025-12-22T10:19:39.485Z] GET /api/v1/health
[2025-12-22T10:19:39.486Z] GET /api/v1/health
[2025-12-22T10:20:39.485Z] GET /api/v1/health
[2025-12-22T10:20:39.486Z] GET /api/v1/health
[2025-12-22T10:21:39.490Z] GET /api/v1/health
[2025-12-22T10:21:39.490Z] GET /api/v1/health
[2025-12-22T10:22:39.484Z] GET /api/v1/health
[2025-12-22T10:22:39.486Z] GET /api/v1/health
[2025-12-22T10:23:39.489Z] GET /api/v1/health
[2025-12-22T10:23:39.490Z] GET /api/v1/health
[2025-12-22T10:24:39.488Z] GET /api/v1/health
[2025-12-22T10:24:39.489Z] GET /api/v1/health
[2025-12-22T10:25:39.486Z] GET /api/v1/health
[2025-12-22T10:25:39.487Z] GET /api/v1/health
[2025-12-22T10:26:39.485Z] GET /api/v1/health
[2025-12-22T10:26:39.486Z] GET /api/v1/health
[2025-12-22T10:27:39.486Z] GET /api/v1/health
[2025-12-22T10:27:39.487Z] GET /api/v1/health
[2025-12-22T10:28:39.485Z] GET /api/v1/health
[2025-12-22T10:28:39.486Z] GET /api/v1/health
[2025-12-22T10:29:39.488Z] GET /api/v1/health
[2025-12-22T10:29:39.489Z] GET /api/v1/health
[2025-12-22T10:30:39.485Z] GET /api/v1/health
[2025-12-22T10:30:39.486Z] GET /api/v1/health
[2025-12-22T10:31:39.488Z] GET /api/v1/health
[2025-12-22T10:31:39.489Z] GET /api/v1/health
[2025-12-22T10:32:39.487Z] GET /api/v1/health
[2025-12-22T10:32:39.488Z] GET /api/v1/health
[2025-12-22T10:33:39.490Z] GET /api/v1/health
[2025-12-22T10:33:39.491Z] GET /api/v1/health
[2025-12-22T10:34:39.486Z] GET /api/v1/health
[2025-12-22T10:34:39.487Z] GET /api/v1/health
[2025-12-22T10:35:39.488Z] GET /api/v1/health
[2025-12-22T10:35:39.489Z] GET /api/v1/health
[2025-12-22T10:36:39.485Z] GET /api/v1/health
[2025-12-22T10:36:39.486Z] GET /api/v1/health
[2025-12-22T10:37:39.486Z] GET /api/v1/health
[2025-12-22T10:37:39.486Z] GET /api/v1/health
[2025-12-22T10:38:39.488Z] GET /api/v1/health
[2025-12-22T10:38:39.489Z] GET /api/v1/health
[2025-12-22T10:39:39.488Z] GET /api/v1/health
[2025-12-22T10:39:39.489Z] GET /api/v1/health
[2025-12-22T10:40:39.482Z] GET /api/v1/health
[2025-12-22T10:40:39.483Z] GET /api/v1/health
[2025-12-22T10:41:39.486Z] GET /api/v1/health
[2025-12-22T10:41:39.487Z] GET /api/v1/health
[2025-12-22T10:42:39.490Z] GET /api/v1/health
[2025-12-22T10:42:39.491Z] GET /api/v1/health
[2025-12-22T10:43:39.489Z] GET /api/v1/health
[2025-12-22T10:43:39.489Z] GET /api/v1/health
[2025-12-22T10:44:39.489Z] GET /api/v1/health
[2025-12-22T10:44:39.490Z] GET /api/v1/health
[2025-12-22T10:45:39.487Z] GET /api/v1/health
[2025-12-22T10:45:39.488Z] GET /api/v1/health
[2025-12-22T10:46:39.485Z] GET /api/v1/health
[2025-12-22T10:46:39.486Z] GET /api/v1/health
[2025-12-22T10:47:39.483Z] GET /api/v1/health
[2025-12-22T10:47:39.484Z] GET /api/v1/health
