[INFO] Scanning for projects...
[INFO] 
[INFO] ------------------------< com.octopus:backend >-------------------------
[INFO] Building OctopusBackend 0.0.1-SNAPSHOT
[INFO]   from pom.xml
[INFO] --------------------------------[ jar ]---------------------------------
[INFO] 
[INFO] >>> spring-boot:3.5.4:run (default-cli) > test-compile @ backend >>>
[INFO] 
[INFO] --- resources:3.3.1:resources (default-resources) @ backend ---
[INFO] Copying 1 resource from src/main/resources to target/classes
[INFO] Copying 0 resource from src/main/resources to target/classes
[INFO] 
[INFO] --- compiler:3.14.0:compile (default-compile) @ backend ---
[INFO] Nothing to compile - all classes are up to date.
[INFO] 
[INFO] --- resources:3.3.1:testResources (default-testResources) @ backend ---
[INFO] skip non existing resourceDirectory /Users/bicky/Desktop/carbon-pulse/octopus-backend/backend/octopus-backend/src/test/resources
[INFO] 
[INFO] --- compiler:3.14.0:testCompile (default-testCompile) @ backend ---
[INFO] Nothing to compile - all classes are up to date.
[INFO] 
[INFO] <<< spring-boot:3.5.4:run (default-cli) < test-compile @ backend <<<
[INFO] 
[INFO] 
[INFO] --- spring-boot:3.5.4:run (default-cli) @ backend ---
[INFO] Attaching agents: []

  .   ____          _            __ _ _
 /\\ / ___'_ __ _ _(_)_ __  __ _ \ \ \ \
( ( )\___ | '_ | '_| | '_ \/ _` | \ \ \ \
 \\/  ___)| |_)| | | | | || (_| |  ) ) ) )
  '  |____| .__|_| |_|_| |_\__, | / / / /
 =========|_|==============|___/=/_/_/_/

 :: Spring Boot ::                (v3.5.4)

2025-12-21T12:54:53.028+05:30  INFO 19022 --- [OctopusBackend] [           main] c.o.backend.OctopusBackendApplication    : Starting OctopusBackendApplication using Java 25.0.1 with PID 19022 (/Users/bicky/Desktop/carbon-pulse/octopus-backend/backend/octopus-backend/target/classes started by bicky in /Users/bicky/Desktop/carbon-pulse/octopus-backend/backend/octopus-backend)
2025-12-21T12:54:53.029+05:30  INFO 19022 --- [OctopusBackend] [           main] c.o.backend.OctopusBackendApplication    : No active profile set, falling back to 1 default profile: "default"
2025-12-21T12:54:53.361+05:30  INFO 19022 --- [OctopusBackend] [           main] o.s.b.w.embedded.tomcat.TomcatWebServer  : Tomcat initialized with port 8080 (http)
2025-12-21T12:54:53.366+05:30  INFO 19022 --- [OctopusBackend] [           main] o.apache.catalina.core.StandardService   : Starting service [Tomcat]
2025-12-21T12:54:53.367+05:30  INFO 19022 --- [OctopusBackend] [           main] o.apache.catalina.core.StandardEngine    : Starting Servlet engine: [Apache Tomcat/10.1.43]
2025-12-21T12:54:53.382+05:30  INFO 19022 --- [OctopusBackend] [           main] o.a.c.c.C.[Tomcat].[localhost].[/]       : Initializing Spring embedded WebApplicationContext
2025-12-21T12:54:53.382+05:30  INFO 19022 --- [OctopusBackend] [           main] w.s.c.ServletWebServerApplicationContext : Root WebApplicationContext: initialization completed in 335 ms
2025-12-21T12:54:53.417+05:30  INFO 19022 --- [OctopusBackend] [           main] com.octopus.backend.CarbonService        : CarbonService initialized. Microservice URL: http://localhost:3002/api/v1, Timeout: 5s
2025-12-21T12:54:53.542+05:30  INFO 19022 --- [OctopusBackend] [           main] o.s.b.w.embedded.tomcat.TomcatWebServer  : Tomcat started on port 8080 (http) with context path '/'
2025-12-21T12:54:53.546+05:30  INFO 19022 --- [OctopusBackend] [           main] c.o.backend.OctopusBackendApplication    : Started OctopusBackendApplication in 0.654 seconds (process running for 0.762)
2025-12-21T12:55:33.100+05:30  INFO 19022 --- [OctopusBackend] [nio-8080-exec-1] o.a.c.c.C.[Tomcat].[localhost].[/]       : Initializing Spring DispatcherServlet 'dispatcherServlet'
2025-12-21T12:55:33.100+05:30  INFO 19022 --- [OctopusBackend] [nio-8080-exec-1] o.s.web.servlet.DispatcherServlet        : Initializing Servlet 'dispatcherServlet'
2025-12-21T12:55:33.101+05:30  INFO 19022 --- [OctopusBackend] [nio-8080-exec-1] o.s.web.servlet.DispatcherServlet        : Completed initialization in 1 ms
2025-12-21T13:51:49.559+05:30  INFO 19022 --- [OctopusBackend] [nio-8080-exec-8] com.octopus.backend.CarbonService        : Carbon calculation completed in 40ms for 1000 messages
2025-12-21T13:52:39.922+05:30  INFO 19022 --- [OctopusBackend] [nio-8080-exec-1] com.octopus.backend.CarbonService        : Carbon calculation completed in 4ms for 1500 messages
2025-12-21T13:52:39.927+05:30  INFO 19022 --- [OctopusBackend] [nio-8080-exec-1] com.octopus.backend.CarbonService        : Carbon calculation completed in 3ms for 2500 messages
2025-12-21T14:05:19.471+05:30  INFO 19022 --- [OctopusBackend] [nio-8080-exec-8] com.octopus.backend.CarbonService        : Carbon calculation completed in 6ms for 15000 messages
2025-12-21T14:05:19.478+05:30  INFO 19022 --- [OctopusBackend] [nio-8080-exec-8] com.octopus.backend.CarbonService        : Carbon calculation completed in 5ms for 17500 messages
2025-12-21T16:16:10.887+05:30  INFO 19022 --- [OctopusBackend] [nio-8080-exec-5] com.octopus.backend.CarbonService        : Carbon calculation completed in 4ms for 19000 messages
2025-12-21T21:28:41.240+05:30  INFO 19022 --- [OctopusBackend] [nio-8080-exec-1] com.octopus.backend.CarbonService        : Carbon calculation completed in 10ms for 1 messages
2025-12-21T21:28:41.245+05:30  INFO 19022 --- [OctopusBackend] [nio-8080-exec-1] com.octopus.backend.CarbonService        : Carbon calculation completed in 3ms for 19001 messages
2025-12-21T21:58:41.288+05:30  INFO 19022 --- [OctopusBackend] [nio-8080-exec-8] com.octopus.backend.CarbonService        : Carbon calculation completed in 8ms for 19002 messages
2025-12-21T21:59:41.276+05:30  INFO 19022 --- [OctopusBackend] [nio-8080-exec-3] com.octopus.backend.CarbonService        : Carbon calculation completed in 3ms for 19003 messages
2025-12-21T22:09:44.124+05:30  INFO 19022 --- [OctopusBackend] [nio-8080-exec-7] com.octopus.backend.CarbonService        : Carbon calculation completed in 5ms for 19004 messages
2025-12-21T22:10:14.112+05:30  INFO 19022 --- [OctopusBackend] [nio-8080-exec-6] com.octopus.backend.CarbonService        : Carbon calculation completed in 3ms for 2 messages
2025-12-21T22:10:14.117+05:30  INFO 19022 --- [OctopusBackend] [nio-8080-exec-6] com.octopus.backend.CarbonService        : Carbon calculation completed in 3ms for 19006 messages
2025-12-21T22:10:44.117+05:30  INFO 19022 --- [OctopusBackend] [nio-8080-exec-1] com.octopus.backend.CarbonService        : Carbon calculation completed in 6ms for 4 messages
2025-12-21T22:10:44.121+05:30  INFO 19022 --- [OctopusBackend] [nio-8080-exec-1] com.octopus.backend.CarbonService        : Carbon calculation completed in 3ms for 19010 messages
2025-12-21T22:11:14.120+05:30  INFO 19022 --- [OctopusBackend] [nio-8080-exec-2] com.octopus.backend.CarbonService        : Carbon calculation completed in 7ms for 19012 messages
2025-12-21T22:11:44.119+05:30  INFO 19022 --- [OctopusBackend] [nio-8080-exec-7] com.octopus.backend.CarbonService        : Carbon calculation completed in 5ms for 3 messages
2025-12-21T22:11:44.125+05:30  INFO 19022 --- [OctopusBackend] [nio-8080-exec-7] com.octopus.backend.CarbonService        : Carbon calculation completed in 4ms for 19015 messages
2025-12-21T22:12:14.118+05:30  INFO 19022 --- [OctopusBackend] [nio-8080-exec-6] com.octopus.backend.CarbonService        : Carbon calculation completed in 5ms for 19017 messages
2025-12-21T22:12:44.121+05:30  INFO 19022 --- [OctopusBackend] [nio-8080-exec-1] com.octopus.backend.CarbonService        : Carbon calculation completed in 6ms for 19021 messages
2025-12-21T22:13:14.124+05:30  INFO 19022 --- [OctopusBackend] [nio-8080-exec-2] com.octopus.backend.CarbonService        : Carbon calculation completed in 6ms for 19023 messages
2025-12-21T22:13:44.119+05:30  INFO 19022 --- [OctopusBackend] [nio-8080-exec-7] com.octopus.backend.CarbonService        : Carbon calculation completed in 3ms for 19027 messages
2025-12-21T22:14:14.123+05:30  INFO 19022 --- [OctopusBackend] [nio-8080-exec-6] com.octopus.backend.CarbonService        : Carbon calculation completed in 3ms for 19029 messages
2025-12-21T22:14:44.122+05:30  INFO 19022 --- [OctopusBackend] [nio-8080-exec-1] com.octopus.backend.CarbonService        : Carbon calculation completed in 4ms for 19033 messages
2025-12-21T22:15:14.125+05:30  INFO 19022 --- [OctopusBackend] [nio-8080-exec-2] com.octopus.backend.CarbonService        : Carbon calculation completed in 5ms for 19037 messages
2025-12-21T22:15:44.127+05:30  INFO 19022 --- [OctopusBackend] [nio-8080-exec-7] com.octopus.backend.CarbonService        : Carbon calculation completed in 6ms for 7 messages
2025-12-21T22:15:44.133+05:30  INFO 19022 --- [OctopusBackend] [nio-8080-exec-7] com.octopus.backend.CarbonService        : Carbon calculation completed in 5ms for 19044 messages
2025-12-21T22:16:14.119+05:30  INFO 19022 --- [OctopusBackend] [nio-8080-exec-9] com.octopus.backend.CarbonService        : Carbon calculation completed in 1ms for 19046 messages
2025-12-21T22:16:44.129+05:30  INFO 19022 --- [OctopusBackend] [nio-8080-exec-3] com.octopus.backend.CarbonService        : Carbon calculation completed in 8ms for 9 messages
2025-12-21T22:16:44.135+05:30  INFO 19022 --- [OctopusBackend] [nio-8080-exec-3] com.octopus.backend.CarbonService        : Carbon calculation completed in 3ms for 19055 messages
2025-12-21T22:17:14.127+05:30  INFO 19022 --- [OctopusBackend] [nio-8080-exec-4] com.octopus.backend.CarbonService        : Carbon calculation completed in 5ms for 19059 messages
2025-12-21T22:17:44.135+05:30  INFO 19022 --- [OctopusBackend] [nio-8080-exec-8] com.octopus.backend.CarbonService        : Carbon calculation completed in 7ms for 19063 messages
2025-12-21T22:18:14.123+05:30  INFO 19022 --- [OctopusBackend] [nio-8080-exec-9] com.octopus.backend.CarbonService        : Carbon calculation completed in 2ms for 19066 messages
2025-12-21T22:18:44.122+05:30  INFO 19022 --- [OctopusBackend] [nio-8080-exec-3] com.octopus.backend.CarbonService        : Carbon calculation completed in 1ms for 19068 messages
2025-12-21T22:19:14.132+05:30  INFO 19022 --- [OctopusBackend] [nio-8080-exec-4] com.octopus.backend.CarbonService        : Carbon calculation completed in 7ms for 5 messages
2025-12-21T22:19:14.136+05:30  INFO 19022 --- [OctopusBackend] [nio-8080-exec-4] com.octopus.backend.CarbonService        : Carbon calculation completed in 3ms for 19073 messages
2025-12-21T22:19:44.131+05:30  INFO 19022 --- [OctopusBackend] [nio-8080-exec-8] com.octopus.backend.CarbonService        : Carbon calculation completed in 5ms for 19075 messages
2025-12-21T22:20:14.127+05:30  INFO 19022 --- [OctopusBackend] [nio-8080-exec-9] com.octopus.backend.CarbonService        : Carbon calculation completed in 2ms for 19080 messages
2025-12-21T22:20:44.134+05:30  INFO 19022 --- [OctopusBackend] [nio-8080-exec-2] com.octopus.backend.CarbonService        : Carbon calculation completed in 5ms for 19082 messages
2025-12-21T22:21:14.128+05:30  INFO 19022 --- [OctopusBackend] [nio-8080-exec-5] com.octopus.backend.CarbonService        : Carbon calculation completed in 2ms for 19086 messages
2025-12-21T22:21:44.136+05:30  INFO 19022 --- [OctopusBackend] [nio-8080-exec-6] com.octopus.backend.CarbonService        : Carbon calculation completed in 5ms for 19090 messages
2025-12-21T22:22:14.131+05:30  INFO 19022 --- [OctopusBackend] [nio-8080-exec-3] com.octopus.backend.CarbonService        : Carbon calculation completed in 2ms for 19092 messages
2025-12-21T22:22:44.137+05:30  INFO 19022 --- [OctopusBackend] [io-8080-exec-10] com.octopus.backend.CarbonService        : Carbon calculation completed in 5ms for 19097 messages
2025-12-21T22:23:14.138+05:30  INFO 19022 --- [OctopusBackend] [nio-8080-exec-5] com.octopus.backend.CarbonService        : Carbon calculation completed in 4ms for 19099 messages
2025-12-21T22:23:44.136+05:30  INFO 19022 --- [OctopusBackend] [nio-8080-exec-2] com.octopus.backend.CarbonService        : Carbon calculation completed in 3ms for 6 messages
2025-12-21T22:23:44.139+05:30  INFO 19022 --- [OctopusBackend] [nio-8080-exec-2] com.octopus.backend.CarbonService        : Carbon calculation completed in 2ms for 19105 messages
2025-12-21T22:24:14.140+05:30  INFO 19022 --- [OctopusBackend] [nio-8080-exec-6] com.octopus.backend.CarbonService        : Carbon calculation completed in 5ms for 19108 messages
2025-12-21T22:24:44.140+05:30  INFO 19022 --- [OctopusBackend] [nio-8080-exec-1] com.octopus.backend.CarbonService        : Carbon calculation completed in 5ms for 19111 messages
2025-12-21T22:25:05.322+05:30  INFO 19022 --- [OctopusBackend] [nio-8080-exec-7] com.octopus.backend.CarbonService        : Carbon calculation completed in 2ms for 20611 messages
2025-12-21T22:25:14.134+05:30  INFO 19022 --- [OctopusBackend] [nio-8080-exec-9] com.octopus.backend.CarbonService        : Carbon calculation completed in 1ms for 20614 messages
2025-12-21T22:25:44.141+05:30  INFO 19022 --- [OctopusBackend] [nio-8080-exec-5] com.octopus.backend.CarbonService        : Carbon calculation completed in 4ms for 20620 messages
2025-12-21T22:26:14.142+05:30  INFO 19022 --- [OctopusBackend] [nio-8080-exec-6] com.octopus.backend.CarbonService        : Carbon calculation completed in 4ms for 20622 messages
2025-12-21T22:26:44.143+05:30  INFO 19022 --- [OctopusBackend] [nio-8080-exec-4] com.octopus.backend.CarbonService        : Carbon calculation completed in 4ms for 20628 messages
2025-12-21T22:27:14.139+05:30  INFO 19022 --- [OctopusBackend] [nio-8080-exec-9] com.octopus.backend.CarbonService        : Carbon calculation completed in 2ms for 20633 messages
2025-12-21T22:27:44.140+05:30  INFO 19022 --- [OctopusBackend] [nio-8080-exec-9] com.octopus.backend.CarbonService        : Carbon calculation completed in 3ms for 20635 messages
2025-12-21T22:28:14.146+05:30  INFO 19022 --- [OctopusBackend] [nio-8080-exec-4] com.octopus.backend.CarbonService        : Carbon calculation completed in 4ms for 20640 messages
2025-12-21T22:28:44.146+05:30  INFO 19022 --- [OctopusBackend] [nio-8080-exec-3] com.octopus.backend.CarbonService        : Carbon calculation completed in 5ms for 20642 messages
2025-12-21T22:29:14.146+05:30  INFO 19022 --- [OctopusBackend] [nio-8080-exec-3] com.octopus.backend.CarbonService        : Carbon calculation completed in 5ms for 20646 messages
2025-12-21T22:29:44.148+05:30  INFO 19022 --- [OctopusBackend] [io-8080-exec-10] com.octopus.backend.CarbonService        : Carbon calculation completed in 5ms for 20649 messages
2025-12-21T22:30:14.149+05:30  INFO 19022 --- [OctopusBackend] [nio-8080-exec-5] com.octopus.backend.CarbonService        : Carbon calculation completed in 5ms for 20656 messages
2025-12-21T22:30:44.150+05:30  INFO 19022 --- [OctopusBackend] [nio-8080-exec-2] com.octopus.backend.CarbonService        : Carbon calculation completed in 5ms for 20658 messages
2025-12-21T22:31:14.150+05:30  INFO 19022 --- [OctopusBackend] [nio-8080-exec-6] com.octopus.backend.CarbonService        : Carbon calculation completed in 4ms for 8 messages
2025-12-21T22:31:14.153+05:30  INFO 19022 --- [OctopusBackend] [nio-8080-exec-6] com.octopus.backend.CarbonService        : Carbon calculation completed in 2ms for 20666 messages
2025-12-21T22:31:44.150+05:30  INFO 19022 --- [OctopusBackend] [nio-8080-exec-4] com.octopus.backend.CarbonService        : Carbon calculation completed in 4ms for 20667 messages
2025-12-21T22:32:14.153+05:30  INFO 19022 --- [OctopusBackend] [nio-8080-exec-9] com.octopus.backend.CarbonService        : Carbon calculation completed in 5ms for 20669 messages
2025-12-21T22:32:39.890+05:30  INFO 19022 --- [OctopusBackend] [nio-8080-exec-8] com.octopus.backend.CarbonService        : Carbon calculation completed in 5ms for 20670 messages
2025-12-21T22:37:14.166+05:30  INFO 19022 --- [OctopusBackend] [nio-8080-exec-9] com.octopus.backend.CarbonService        : Carbon calculation completed in 4ms for 20672 messages
2025-12-21T22:37:44.158+05:30  INFO 19022 --- [OctopusBackend] [nio-8080-exec-6] com.octopus.backend.CarbonService        : Carbon calculation completed in 2ms for 20673 messages
2025-12-21T22:38:14.164+05:30  INFO 19022 --- [OctopusBackend] [nio-8080-exec-9] com.octopus.backend.CarbonService        : Carbon calculation completed in 4ms for 20675 messages
2025-12-21T22:41:44.169+05:30  INFO 19022 --- [OctopusBackend] [nio-8080-exec-2] com.octopus.backend.CarbonService        : Carbon calculation completed in 3ms for 20678 messages
2025-12-21T22:42:44.173+05:30  INFO 19022 --- [OctopusBackend] [nio-8080-exec-8] com.octopus.backend.CarbonService        : Carbon calculation completed in 4ms for 20681 messages
2025-12-21T22:43:44.176+05:30  INFO 19022 --- [OctopusBackend] [nio-8080-exec-4] com.octopus.backend.CarbonService        : Carbon calculation completed in 4ms for 20686 messages
2025-12-21T22:44:44.173+05:30  INFO 19022 --- [OctopusBackend] [nio-8080-exec-7] com.octopus.backend.CarbonService        : Carbon calculation completed in 2ms for 20690 messages
2025-12-21T22:45:14.177+05:30  INFO 19022 --- [OctopusBackend] [nio-8080-exec-1] com.octopus.backend.CarbonService        : Carbon calculation completed in 4ms for 20691 messages
2025-12-21T22:45:44.179+05:30  INFO 19022 --- [OctopusBackend] [io-8080-exec-10] com.octopus.backend.CarbonService        : Carbon calculation completed in 4ms for 20694 messages
2025-12-21T22:46:14.172+05:30  INFO 19022 --- [OctopusBackend] [nio-8080-exec-5] com.octopus.backend.CarbonService        : Carbon calculation completed in 1ms for 20697 messages
2025-12-21T22:47:14.181+05:30  INFO 19022 --- [OctopusBackend] [nio-8080-exec-6] com.octopus.backend.CarbonService        : Carbon calculation completed in 3ms for 20701 messages
2025-12-21T22:48:14.185+05:30  INFO 19022 --- [OctopusBackend] [io-8080-exec-10] com.octopus.backend.CarbonService        : Carbon calculation completed in 4ms for 20706 messages
2025-12-21T22:48:44.178+05:30  INFO 19022 --- [OctopusBackend] [nio-8080-exec-6] com.octopus.backend.CarbonService        : Carbon calculation completed in 1ms for 20711 messages
2025-12-21T22:49:14.185+05:30  INFO 19022 --- [OctopusBackend] [nio-8080-exec-2] com.octopus.backend.CarbonService        : Carbon calculation completed in 4ms for 20713 messages
2025-12-21T22:49:44.183+05:30  INFO 19022 --- [OctopusBackend] [nio-8080-exec-9] com.octopus.backend.CarbonService        : Carbon calculation completed in 3ms for 20718 messages
2025-12-21T22:50:14.183+05:30  INFO 19022 --- [OctopusBackend] [nio-8080-exec-4] com.octopus.backend.CarbonService        : Carbon calculation completed in 3ms for 20721 messages
2025-12-21T22:50:44.184+05:30  INFO 19022 --- [OctopusBackend] [nio-8080-exec-5] com.octopus.backend.CarbonService        : Carbon calculation completed in 3ms for 20725 messages
2025-12-21T22:51:14.188+05:30  INFO 19022 --- [OctopusBackend] [io-8080-exec-10] com.octopus.backend.CarbonService        : Carbon calculation completed in 4ms for 20727 messages
2025-12-21T22:51:44.184+05:30  INFO 19022 --- [OctopusBackend] [nio-8080-exec-6] com.octopus.backend.CarbonService        : Carbon calculation completed in 1ms for 20732 messages
2025-12-21T22:52:14.185+05:30  INFO 19022 --- [OctopusBackend] [nio-8080-exec-2] com.octopus.backend.CarbonService        : Carbon calculation completed in 2ms for 20735 messages
2025-12-21T22:52:44.193+05:30  INFO 19022 --- [OctopusBackend] [nio-8080-exec-9] com.octopus.backend.CarbonService        : Carbon calculation completed in 5ms for 20741 messages
2025-12-21T22:53:14.193+05:30  INFO 19022 --- [OctopusBackend] [nio-8080-exec-1] com.octopus.backend.CarbonService        : Carbon calculation completed in 5ms for 20742 messages
2025-12-21T22:53:44.194+05:30  INFO 19022 --- [OctopusBackend] [nio-8080-exec-2] com.octopus.backend.CarbonService        : Carbon calculation completed in 4ms for 20747 messages
2025-12-21T22:54:14.195+05:30  INFO 19022 --- [OctopusBackend] [nio-8080-exec-1] com.octopus.backend.CarbonService        : Carbon calculation completed in 5ms for 20750 messages
2025-12-21T22:54:44.190+05:30  INFO 19022 --- [OctopusBackend] [nio-8080-exec-9] com.octopus.backend.CarbonService        : Carbon calculation completed in 2ms for 20754 messages
2025-12-21T22:55:14.197+05:30  INFO 19022 --- [OctopusBackend] [nio-8080-exec-4] com.octopus.backend.CarbonService        : Carbon calculation completed in 5ms for 20755 messages
2025-12-21T22:55:44.197+05:30  INFO 19022 --- [OctopusBackend] [nio-8080-exec-7] com.octopus.backend.CarbonService        : Carbon calculation completed in 4ms for 20761 messages
2025-12-21T22:56:14.198+05:30  INFO 19022 --- [OctopusBackend] [nio-8080-exec-1] com.octopus.backend.CarbonService        : Carbon calculation completed in 4ms for 20764 messages
2025-12-21T22:56:44.194+05:30  INFO 19022 --- [OctopusBackend] [nio-8080-exec-8] com.octopus.backend.CarbonService        : Carbon calculation completed in 1ms for 20769 messages
2025-12-21T22:57:14.195+05:30  INFO 19022 --- [OctopusBackend] [nio-8080-exec-3] com.octopus.backend.CarbonService        : Carbon calculation completed in 2ms for 20773 messages
2025-12-21T22:57:44.196+05:30  INFO 19022 --- [OctopusBackend] [io-8080-exec-10] com.octopus.backend.CarbonService        : Carbon calculation completed in 1ms for 20775 messages
2025-12-21T22:58:14.199+05:30  INFO 19022 --- [OctopusBackend] [nio-8080-exec-5] com.octopus.backend.CarbonService        : Carbon calculation completed in 2ms for 20778 messages
2025-12-21T22:58:44.205+05:30  INFO 19022 --- [OctopusBackend] [nio-8080-exec-2] com.octopus.backend.CarbonService        : Carbon calculation completed in 4ms for 20782 messages
2025-12-21T22:59:14.203+05:30  INFO 19022 --- [OctopusBackend] [nio-8080-exec-2] com.octopus.backend.CarbonService        : Carbon calculation completed in 4ms for 20785 messages
2025-12-21T22:59:44.205+05:30  INFO 19022 --- [OctopusBackend] [nio-8080-exec-3] com.octopus.backend.CarbonService        : Carbon calculation completed in 3ms for 20787 messages
2025-12-21T23:00:14.204+05:30  INFO 19022 --- [OctopusBackend] [nio-8080-exec-4] com.octopus.backend.CarbonService        : Carbon calculation completed in 2ms for 20793 messages
2025-12-21T23:00:44.209+05:30  INFO 19022 --- [OctopusBackend] [nio-8080-exec-1] com.octopus.backend.CarbonService        : Carbon calculation completed in 4ms for 20796 messages
2025-12-21T23:01:14.204+05:30  INFO 19022 --- [OctopusBackend] [nio-8080-exec-7] com.octopus.backend.CarbonService        : Carbon calculation completed in 1ms for 20801 messages
2025-12-21T23:01:44.211+05:30  INFO 19022 --- [OctopusBackend] [nio-8080-exec-2] com.octopus.backend.CarbonService        : Carbon calculation completed in 3ms for 20803 messages
2025-12-21T23:02:14.209+05:30  INFO 19022 --- [OctopusBackend] [nio-8080-exec-6] com.octopus.backend.CarbonService        : Carbon calculation completed in 2ms for 20807 messages
2025-12-21T23:02:44.211+05:30  INFO 19022 --- [OctopusBackend] [nio-8080-exec-1] com.octopus.backend.CarbonService        : Carbon calculation completed in 4ms for 20812 messages
2025-12-21T23:03:14.207+05:30  INFO 19022 --- [OctopusBackend] [nio-8080-exec-2] com.octopus.backend.CarbonService        : Carbon calculation completed in 2ms for 20813 messages
2025-12-21T23:03:44.209+05:30  INFO 19022 --- [OctopusBackend] [nio-8080-exec-5] com.octopus.backend.CarbonService        : Carbon calculation completed in 3ms for 20818 messages
2025-12-21T23:04:14.216+05:30  INFO 19022 --- [OctopusBackend] [nio-8080-exec-7] com.octopus.backend.CarbonService        : Carbon calculation completed in 4ms for 20821 messages
2025-12-21T23:04:44.215+05:30  INFO 19022 --- [OctopusBackend] [nio-8080-exec-9] com.octopus.backend.CarbonService        : Carbon calculation completed in 4ms for 20825 messages
2025-12-21T23:05:14.217+05:30  INFO 19022 --- [OctopusBackend] [io-8080-exec-10] com.octopus.backend.CarbonService        : Carbon calculation completed in 5ms for 20826 messages
2025-12-21T23:05:44.219+05:30  INFO 19022 --- [OctopusBackend] [nio-8080-exec-3] com.octopus.backend.CarbonService        : Carbon calculation completed in 5ms for 20831 messages
2025-12-21T23:06:14.214+05:30  INFO 19022 --- [OctopusBackend] [nio-8080-exec-4] com.octopus.backend.CarbonService        : Carbon calculation completed in 2ms for 20835 messages
2025-12-21T23:06:44.221+05:30  INFO 19022 --- [OctopusBackend] [nio-8080-exec-6] com.octopus.backend.CarbonService        : Carbon calculation completed in 5ms for 20839 messages
2025-12-21T23:07:14.215+05:30  INFO 19022 --- [OctopusBackend] [nio-8080-exec-8] com.octopus.backend.CarbonService        : Carbon calculation completed in 1ms for 20845 messages
2025-12-21T23:07:44.218+05:30  INFO 19022 --- [OctopusBackend] [nio-8080-exec-1] com.octopus.backend.CarbonService        : Carbon calculation completed in 2ms for 20846 messages
2025-12-21T23:08:14.218+05:30  INFO 19022 --- [OctopusBackend] [nio-8080-exec-2] com.octopus.backend.CarbonService        : Carbon calculation completed in 1ms for 20849 messages
2025-12-21T23:08:44.224+05:30  INFO 19022 --- [OctopusBackend] [nio-8080-exec-5] com.octopus.backend.CarbonService        : Carbon calculation completed in 4ms for 20852 messages
2025-12-21T23:09:14.218+05:30  INFO 19022 --- [OctopusBackend] [nio-8080-exec-7] com.octopus.backend.CarbonService        : Carbon calculation completed in 1ms for 20857 messages
2025-12-21T23:09:44.228+05:30  INFO 19022 --- [OctopusBackend] [nio-8080-exec-9] com.octopus.backend.CarbonService        : Carbon calculation completed in 5ms for 20859 messages
2025-12-21T23:10:14.221+05:30  INFO 19022 --- [OctopusBackend] [io-8080-exec-10] com.octopus.backend.CarbonService        : Carbon calculation completed in 1ms for 20865 messages
2025-12-21T23:10:44.229+05:30  INFO 19022 --- [OctopusBackend] [nio-8080-exec-3] com.octopus.backend.CarbonService        : Carbon calculation completed in 4ms for 20867 messages
2025-12-21T23:11:14.228+05:30  INFO 19022 --- [OctopusBackend] [nio-8080-exec-4] com.octopus.backend.CarbonService        : Carbon calculation completed in 3ms for 20873 messages
2025-12-21T23:11:44.229+05:30  INFO 19022 --- [OctopusBackend] [nio-8080-exec-7] com.octopus.backend.CarbonService        : Carbon calculation completed in 4ms for 20878 messages
2025-12-21T23:17:52.806+05:30  INFO 19022 --- [OctopusBackend] [ionShutdownHook] o.s.b.w.e.tomcat.GracefulShutdown        : Commencing graceful shutdown. Waiting for active requests to complete
2025-12-21T23:17:52.832+05:30  INFO 19022 --- [OctopusBackend] [tomcat-shutdown] o.s.b.w.e.tomcat.GracefulShutdown        : Graceful shutdown complete
